2026-01-01 10:04:46.502 [main] DEBUG com.ben.LogBackExample - This is DEBUG
2026-01-01 10:04:46.503 [main] INFO  com.ben.LogBackExample - This is INFO
2026-01-01 10:04:46.503 [main] WARN  com.ben.LogBackExample - This is WARN
2026-01-01 10:04:46.503 [main] ERROR com.ben.LogBackExample - This is ERROR
2026-01-01 10:06:59.506 [main] DEBUG com.ben.LogBackExample - This is DEBUG
2026-01-01 10:06:59.507 [main] INFO  com.ben.LogBackExample - This is INFO
2026-01-01 10:06:59.507 [main] WARN  com.ben.LogBackExample - This is WARN
2026-01-01 10:06:59.507 [main] ERROR com.ben.LogBackExample - This is ERROR
2026-01-01 10:07:10,002 [32m[main][0;39m [39mDEBUG[0;39m com.ben.LogBackExample - This is DEBUG
2026-01-01 10:07:10,002 [32m[main][0;39m [34mINFO[0;39m com.ben.LogBackExample - This is INFO
2026-01-01 10:07:10,002 [32m[main][0;39m [31mWARN[0;39m com.ben.LogBackExample - This is WARN
2026-01-01 10:07:10,002 [32m[main][0;39m [1;31mERROR[0;39m com.ben.LogBackExample - This is ERROR
2026-01-01 10:10:09,622 [32m[main][0;39m [39mDEBUG[0;39m com.ben.LogBackExample - This is DEBUG
2026-01-01 10:10:09,623 [32m[main][0;39m [34mINFO[0;39m com.ben.LogBackExample - This is INFO
2026-01-01 10:10:09,623 [32m[main][0;39m [31mWARN[0;39m com.ben.LogBackExample - This is WARN
2026-01-01 10:10:09,623 [32m[main][0;39m [1;31mERROR[0;39m com.ben.LogBackExample - This is ERROR
2026-01-01 10:10:23,446 [32m[main][0;39m [39mDEBUG[0;39m com.ben.LogBackExample - This is DEBUG
2026-01-01 10:10:23,446 [32m[main][0;39m [34mINFO[0;39m com.ben.LogBackExample - This is INFO
2026-01-01 10:10:23,446 [32m[main][0;39m [31mWARN[0;39m com.ben.LogBackExample - This is WARN
2026-01-01 10:10:23,446 [32m[main][0;39m [1;31mERROR[0;39m com.ben.LogBackExample - This is ERROR
